<?xml version="1.0" encoding="UTF-8"?>
<testsuite name="ApplicationTest" tests="1" skipped="0" failures="0" errors="0" timestamp="2020-11-01T11:37:29" hostname="DESKTOP-SN5P179" time="0.501">
  <properties/>
  <testcase name="test get all" classname="ApplicationTest" time="0.501"/>
  <system-out><![CDATA[2020-11-01 14:37:29.946 [Test worker] INFO  ktor.test - No ktor.deployment.watch patterns specified, automatic reload is not active
2020-11-01 14:37:30.157 [DefaultDispatcher-worker-1 @request#1] TRACE ktor.test - Trace for []
/, segment:0 -> SUCCESS @ /(method:GET))
  /(method:GET), segment:0 -> SUCCESS @ /(method:GET))
  /api, segment:0 -> FAILURE "Selector didn't match" @ /api)

]]></system-out>
  <system-err><![CDATA[]]></system-err>
</testsuite>
